0 info it worked if it ends with ok
1 verbose cli [ 'C:\\Program Files\\nodejs\\\\node.exe',
1 verbose cli   'C:\\Program Files\\nodejs\\node_modules\\npm\\bin\\npm-cli.js',
1 verbose cli   'install' ]
2 info using npm@1.4.28
3 info using node@v0.10.32
4 verbose node symlink C:\Program Files\nodejs\\node.exe
5 warn package.json Responsive-Dashboard@0.0.2 No repository field.
6 verbose readDependencies using package.json deps
7 verbose install where, deps [ 'C:\\GitProjects\\Responsive-Dashboard',
7 verbose install   [ 'bower',
7 verbose install     'gulp',
7 verbose install     'gulp-connect',
7 verbose install     'gulp-less',
7 verbose install     'gulp-usemin',
7 verbose install     'gulp-watch',
7 verbose install     'gulp-wrap' ] ]
8 info preinstall Responsive-Dashboard@0.0.2
9 verbose readDependencies using package.json deps
10 verbose already installed skipping bower@^1.3.9 C:\GitProjects\Responsive-Dashboard
11 verbose already installed skipping gulp@~3.8.0 C:\GitProjects\Responsive-Dashboard
12 verbose already installed skipping gulp-connect@^2.0.6 C:\GitProjects\Responsive-Dashboard
13 verbose already installed skipping gulp-less@~1.3.3 C:\GitProjects\Responsive-Dashboard
14 verbose already installed skipping gulp-usemin@^0.3.7 C:\GitProjects\Responsive-Dashboard
15 verbose already installed skipping gulp-watch@^0.6.9 C:\GitProjects\Responsive-Dashboard
16 verbose already installed skipping gulp-wrap@^0.3.0 C:\GitProjects\Responsive-Dashboard
17 silly resolved []
18 info build C:\GitProjects\Responsive-Dashboard
19 verbose linkStuff [ false, false, false, 'C:\\GitProjects' ]
20 info linkStuff Responsive-Dashboard@0.0.2
21 verbose linkBins Responsive-Dashboard@0.0.2
22 verbose linkMans Responsive-Dashboard@0.0.2
23 verbose rebuildBundles Responsive-Dashboard@0.0.2
24 verbose rebuildBundles [ '.bin',
24 verbose rebuildBundles   'bower',
24 verbose rebuildBundles   'gulp',
24 verbose rebuildBundles   'gulp-connect',
24 verbose rebuildBundles   'gulp-less',
24 verbose rebuildBundles   'gulp-usemin',
24 verbose rebuildBundles   'gulp-watch',
24 verbose rebuildBundles   'gulp-wrap' ]
25 info install Responsive-Dashboard@0.0.2
26 info postinstall Responsive-Dashboard@0.0.2
27 verbose unsafe-perm in lifecycle true
28 info Responsive-Dashboard@0.0.2 Failed to exec postinstall script
29 error Responsive-Dashboard@0.0.2 postinstall: `node node_modules/bower/bin/bower install`
29 error Exit status 1
30 error Failed at the Responsive-Dashboard@0.0.2 postinstall script.
30 error This is most likely a problem with the Responsive-Dashboard package,
30 error not with npm itself.
30 error Tell the author that this fails on your system:
30 error     node node_modules/bower/bin/bower install
30 error You can get their info via:
30 error     npm owner ls Responsive-Dashboard
30 error There is likely additional logging output above.
31 error System Windows_NT 5.1.2600
32 error command "C:\\Program Files\\nodejs\\\\node.exe" "C:\\Program Files\\nodejs\\node_modules\\npm\\bin\\npm-cli.js" "install"
33 error cwd C:\GitProjects\Responsive-Dashboard
34 error node -v v0.10.32
35 error npm -v 1.4.28
36 error code ELIFECYCLE
37 verbose exit [ 1, true ]
