0 info it worked if it ends with ok
1 verbose cli [ 'c:\\nodejs\\node.exe',
1 verbose cli   'c:\\nodejs\\node_modules\\npm\\bin\\npm-cli.js',
1 verbose cli   'install',
1 verbose cli   '-',
1 verbose cli   'g',
1 verbose cli   'node-inspector' ]
2 info using npm@1.4.28
3 info using node@v0.10.32
4 warn package.json karma-chrome-launcher@0.1.5 No README data
5 warn package.json karma-phantomjs-launcher@0.1.4 No README data
6 warn package.json karma-coffee-preprocessor@0.2.1 No README data
7 verbose readDependencies using package.json deps
8 verbose cache add [ '-', null ]
9 verbose cache add name=undefined spec="-" args=["-",null]
10 verbose parsed url { protocol: null,
10 verbose parsed url   slashes: null,
10 verbose parsed url   auth: null,
10 verbose parsed url   host: null,
10 verbose parsed url   port: null,
10 verbose parsed url   hostname: null,
10 verbose parsed url   hash: null,
10 verbose parsed url   search: null,
10 verbose parsed url   query: null,
10 verbose parsed url   pathname: '-',
10 verbose parsed url   path: '-',
10 verbose parsed url   href: '-' }
11 verbose cache add [ 'g', null ]
12 verbose cache add name=undefined spec="g" args=["g",null]
13 verbose parsed url { protocol: null,
13 verbose parsed url   slashes: null,
13 verbose parsed url   auth: null,
13 verbose parsed url   host: null,
13 verbose parsed url   port: null,
13 verbose parsed url   hostname: null,
13 verbose parsed url   hash: null,
13 verbose parsed url   search: null,
13 verbose parsed url   query: null,
13 verbose parsed url   pathname: 'g',
13 verbose parsed url   path: 'g',
13 verbose parsed url   href: 'g' }
14 verbose cache add [ 'node-inspector', null ]
15 verbose cache add name=undefined spec="node-inspector" args=["node-inspector",null]
16 verbose parsed url { protocol: null,
16 verbose parsed url   slashes: null,
16 verbose parsed url   auth: null,
16 verbose parsed url   host: null,
16 verbose parsed url   port: null,
16 verbose parsed url   hostname: null,
16 verbose parsed url   hash: null,
16 verbose parsed url   search: null,
16 verbose parsed url   query: null,
16 verbose parsed url   pathname: 'node-inspector',
16 verbose parsed url   path: 'node-inspector',
16 verbose parsed url   href: 'node-inspector' }
17 silly lockFile 3bc15c8a- -
18 verbose lock - C:\Users\afequiere004\AppData\Roaming\npm-cache\3bc15c8a-.lock
19 silly lockFile 54fd1711-g g
20 verbose lock g C:\Users\afequiere004\AppData\Roaming\npm-cache\54fd1711-g.lock
21 silly lockFile 4198ef9e-node-inspector node-inspector
22 verbose lock node-inspector C:\Users\afequiere004\AppData\Roaming\npm-cache\4198ef9e-node-inspector.lock
23 silly lockFile 3bc15c8a- -
24 silly lockFile 3bc15c8a- -
25 silly lockFile 4198ef9e-node-inspector node-inspector
26 silly lockFile 4198ef9e-node-inspector node-inspector
27 silly lockFile 54fd1711-g g
28 silly lockFile 54fd1711-g g
29 verbose addNamed [ '-', '' ]
30 verbose addNamed [ null, '*' ]
31 silly lockFile c75fe0d4- -@
32 verbose lock -@ C:\Users\afequiere004\AppData\Roaming\npm-cache\c75fe0d4-.lock
33 verbose addNamed [ 'node-inspector', '' ]
34 verbose addNamed [ null, '*' ]
35 silly lockFile e68b88da-node-inspector node-inspector@
36 verbose lock node-inspector@ C:\Users\afequiere004\AppData\Roaming\npm-cache\e68b88da-node-inspector.lock
37 verbose addNamed [ 'g', '' ]
38 verbose addNamed [ null, '*' ]
39 silly lockFile 8b047e1f-g g@
40 verbose lock g@ C:\Users\afequiere004\AppData\Roaming\npm-cache\8b047e1f-g.lock
41 silly addNameRange { name: '-', range: '*', hasData: false }
42 silly addNameRange { name: 'g', range: '*', hasData: false }
43 silly addNameRange { name: 'node-inspector', range: '*', hasData: false }
44 verbose request where is /-
45 verbose request registry https://registry.npmjs.org/
46 verbose request id 4ee8278066e11cfe
47 verbose url raw /-
48 verbose url resolving [ 'https://registry.npmjs.org/', './-' ]
49 verbose url resolved https://registry.npmjs.org/-
50 verbose request where is https://registry.npmjs.org/-
51 info trying registry request attempt 1 at 10:05:24
52 http GET https://registry.npmjs.org/-
53 verbose request where is /g
54 verbose request registry https://registry.npmjs.org/
55 verbose url raw /g
56 verbose url resolving [ 'https://registry.npmjs.org/', './g' ]
57 verbose url resolved https://registry.npmjs.org/g
58 verbose request where is https://registry.npmjs.org/g
59 info trying registry request attempt 1 at 10:05:24
60 http GET https://registry.npmjs.org/g
61 verbose request where is /node-inspector
62 verbose request registry https://registry.npmjs.org/
63 verbose url raw /node-inspector
64 verbose url resolving [ 'https://registry.npmjs.org/', './node-inspector' ]
65 verbose url resolved https://registry.npmjs.org/node-inspector
66 verbose request where is https://registry.npmjs.org/node-inspector
67 info trying registry request attempt 1 at 10:05:24
68 verbose etag "9D55U3R9R3ED2D1XS8P9BM80E"
69 http GET https://registry.npmjs.org/node-inspector
70 http 404 https://registry.npmjs.org/-
71 verbose headers { date: 'Thu, 30 Oct 2014 14:05:25 GMT',
71 verbose headers   server: 'CouchDB/1.5.0 (Erlang OTP/R16B03)',
71 verbose headers   'content-type': 'application/json',
71 verbose headers   'cache-control': 'max-age=0',
71 verbose headers   'content-length': '52',
71 verbose headers   'accept-ranges': 'bytes',
71 verbose headers   via: '1.1 varnish',
71 verbose headers   age: '0',
71 verbose headers   'x-served-by': 'cache-atl6235-ATL',
71 verbose headers   'x-cache': 'MISS',
71 verbose headers   'x-cache-hits': '0',
71 verbose headers   'x-timer': 'S1414677925.354727,VS0,VE81',
71 verbose headers   'keep-alive': 'timeout=10, max=50',
71 verbose headers   connection: 'Keep-Alive' }
72 silly registry.get cb [ 404,
72 silly registry.get   { date: 'Thu, 30 Oct 2014 14:05:25 GMT',
72 silly registry.get     server: 'CouchDB/1.5.0 (Erlang OTP/R16B03)',
72 silly registry.get     'content-type': 'application/json',
72 silly registry.get     'cache-control': 'max-age=0',
72 silly registry.get     'content-length': '52',
72 silly registry.get     'accept-ranges': 'bytes',
72 silly registry.get     via: '1.1 varnish',
72 silly registry.get     age: '0',
72 silly registry.get     'x-served-by': 'cache-atl6235-ATL',
72 silly registry.get     'x-cache': 'MISS',
72 silly registry.get     'x-cache-hits': '0',
72 silly registry.get     'x-timer': 'S1414677925.354727,VS0,VE81',
72 silly registry.get     'keep-alive': 'timeout=10, max=50',
72 silly registry.get     connection: 'Keep-Alive' } ]
73 silly lockFile c75fe0d4- -@
74 silly lockFile c75fe0d4- -@
75 http 200 https://registry.npmjs.org/node-inspector
76 silly registry.get cb [ 200,
76 silly registry.get   { date: 'Thu, 30 Oct 2014 14:05:25 GMT',
76 silly registry.get     server: 'CouchDB/1.5.0 (Erlang OTP/R16B03)',
76 silly registry.get     etag: '"B0JV630E87QUWG1NKWZJMG4E9"',
76 silly registry.get     'content-type': 'application/json',
76 silly registry.get     'cache-control': 'max-age=60',
76 silly registry.get     'content-length': '74992',
76 silly registry.get     'accept-ranges': 'bytes',
76 silly registry.get     via: '1.1 varnish',
76 silly registry.get     age: '0',
76 silly registry.get     'x-served-by': 'cache-atl6233-ATL',
76 silly registry.get     'x-cache': 'HIT',
76 silly registry.get     'x-cache-hits': '1',
76 silly registry.get     'x-timer': 'S1414677925.301127,VS0,VE105',
76 silly registry.get     vary: 'Accept',
76 silly registry.get     'keep-alive': 'timeout=10, max=50',
76 silly registry.get     connection: 'Keep-Alive' } ]
77 silly addNameRange number 2 { name: 'node-inspector', range: '*', hasData: true }
78 silly addNameRange versions [ 'node-inspector',
78 silly addNameRange   [ '0.0.1',
78 silly addNameRange     '0.0.2',
78 silly addNameRange     '0.0.3',
78 silly addNameRange     '0.0.4',
78 silly addNameRange     '0.1.0',
78 silly addNameRange     '0.1.1',
78 silly addNameRange     '0.1.2',
78 silly addNameRange     '0.1.3',
78 silly addNameRange     '0.1.4',
78 silly addNameRange     '0.1.5',
78 silly addNameRange     '0.1.6',
78 silly addNameRange     '0.1.7',
78 silly addNameRange     '0.1.8',
78 silly addNameRange     '0.1.9',
78 silly addNameRange     '0.1.10',
78 silly addNameRange     '0.3.0',
78 silly addNameRange     '0.3.1',
78 silly addNameRange     '0.3.2',
78 silly addNameRange     '0.3.3',
78 silly addNameRange     '0.3.4',
78 silly addNameRange     '0.4.0',
78 silly addNameRange     '0.5.0',
78 silly addNameRange     '0.6.0',
78 silly addNameRange     '0.6.1',
78 silly addNameRange     '0.6.2',
78 silly addNameRange     '0.7.0-1',
78 silly addNameRange     '0.2.0-beta1',
78 silly addNameRange     '0.2.0-beta2',
78 silly addNameRange     '0.2.0-beta3',
78 silly addNameRange     '0.2.0-beta4',
78 silly addNameRange     '0.3.0-preview1',
78 silly addNameRange     '0.7.0-2',
78 silly addNameRange     '0.7.0',
78 silly addNameRange     '0.7.1',
78 silly addNameRange     '0.7.2',
78 silly addNameRange     '0.7.3',
78 silly addNameRange     '0.7.4' ] ]
79 verbose addNamed [ 'node-inspector', '0.7.4' ]
80 verbose addNamed [ '0.7.4', '0.7.4' ]
81 silly lockFile aae362fc-node-inspector-0-7-4 node-inspector@0.7.4
82 verbose lock node-inspector@0.7.4 C:\Users\afequiere004\AppData\Roaming\npm-cache\aae362fc-node-inspector-0-7-4.lock
83 silly lockFile aae362fc-node-inspector-0-7-4 node-inspector@0.7.4
84 silly lockFile aae362fc-node-inspector-0-7-4 node-inspector@0.7.4
85 silly lockFile e68b88da-node-inspector node-inspector@
86 silly lockFile e68b88da-node-inspector node-inspector@
87 http 200 https://registry.npmjs.org/g
88 silly registry.get cb [ 200,
88 silly registry.get   { date: 'Thu, 30 Oct 2014 14:05:25 GMT',
88 silly registry.get     server: 'CouchDB/1.5.0 (Erlang OTP/R16B03)',
88 silly registry.get     etag: '"BPDBDMVZO9AUC0TBHJUEJ91BM"',
88 silly registry.get     'content-type': 'application/json',
88 silly registry.get     'cache-control': 'max-age=60',
88 silly registry.get     'content-length': '3048',
88 silly registry.get     'accept-ranges': 'bytes',
88 silly registry.get     via: '1.1 varnish',
88 silly registry.get     age: '0',
88 silly registry.get     'x-served-by': 'cache-atl6229-ATL',
88 silly registry.get     'x-cache': 'MISS',
88 silly registry.get     'x-cache-hits': '0',
88 silly registry.get     'x-timer': 'S1414677925.402918,VS0,VE312',
88 silly registry.get     vary: 'Accept',
88 silly registry.get     'keep-alive': 'timeout=10, max=50',
88 silly registry.get     connection: 'Keep-Alive' } ]
89 silly addNameRange number 2 { name: 'g', range: '*', hasData: true }
90 silly addNameRange versions [ 'g', [ '1.0.0', '1.0.1', '1.0.2' ] ]
91 verbose addNamed [ 'g', '1.0.2' ]
92 verbose addNamed [ '1.0.2', '1.0.2' ]
93 silly lockFile edaebc26-g-1-0-2 g@1.0.2
94 verbose lock g@1.0.2 C:\Users\afequiere004\AppData\Roaming\npm-cache\edaebc26-g-1-0-2.lock
95 silly lockFile 5874d9b2-registry-npmjs-org-g-g-1-0-2-tgz https://registry.npmjs.org/g/-/g-1.0.2.tgz
96 verbose lock https://registry.npmjs.org/g/-/g-1.0.2.tgz C:\Users\afequiere004\AppData\Roaming\npm-cache\5874d9b2-registry-npmjs-org-g-g-1-0-2-tgz.lock
97 verbose addRemoteTarball [ 'https://registry.npmjs.org/g/-/g-1.0.2.tgz',
97 verbose addRemoteTarball   '7176efe99be840518ffd05aff9625d38d7bc3225' ]
98 info retry fetch attempt 1 at 10:05:25
99 verbose fetch to= C:\Users\AFEQUI~1\AppData\Local\Temp\npm-11988-PGojGVHt\registry.npmjs.org\g\-\g-1.0.2.tgz
100 http GET https://registry.npmjs.org/g/-/g-1.0.2.tgz
101 http 200 https://registry.npmjs.org/g/-/g-1.0.2.tgz
102 silly lockFile 5874d9b2-registry-npmjs-org-g-g-1-0-2-tgz https://registry.npmjs.org/g/-/g-1.0.2.tgz
103 silly lockFile 5874d9b2-registry-npmjs-org-g-g-1-0-2-tgz https://registry.npmjs.org/g/-/g-1.0.2.tgz
104 silly lockFile edaebc26-g-1-0-2 g@1.0.2
105 silly lockFile edaebc26-g-1-0-2 g@1.0.2
106 silly lockFile 8b047e1f-g g@
107 silly lockFile 8b047e1f-g g@
108 error Error: not_found document not found: -
108 error     at RegClient.<anonymous> (c:\nodejs\node_modules\npm\node_modules\npm-registry-client\lib\request.js:308:14)
108 error     at Request._callback (c:\nodejs\node_modules\npm\node_modules\npm-registry-client\lib\request.js:246:65)
108 error     at Request.self.callback (c:\nodejs\node_modules\npm\node_modules\request\request.js:236:22)
108 error     at Request.emit (events.js:98:17)
108 error     at Request.<anonymous> (c:\nodejs\node_modules\npm\node_modules\request\request.js:1142:14)
108 error     at Request.emit (events.js:117:20)
108 error     at IncomingMessage.<anonymous> (c:\nodejs\node_modules\npm\node_modules\request\request.js:1096:12)
108 error     at IncomingMessage.emit (events.js:117:20)
108 error     at _stream_readable.js:943:16
108 error     at process._tickCallback (node.js:419:13)
109 error If you need help, you may report this *entire* log,
109 error including the npm and node versions, at:
109 error     <http://github.com/npm/npm/issues>
110 error System Windows_NT 6.1.7601
111 error command "c:\\nodejs\\node.exe" "c:\\nodejs\\node_modules\\npm\\bin\\npm-cli.js" "install" "-" "g" "node-inspector"
112 error cwd c:\projects\full-stack
113 error node -v v0.10.32
114 error npm -v 1.4.28
115 verbose exit [ 1, true ]
